Arguments: 
  /usr/local/bin/node /usr/local/Cellar/yarn/1.0.1/libexec/bin/yarn.js init .

PATH: 
  /Users/tfpractice/.rbenv/shims:/usr/local/bin/node/bin:/usr/local/mysql/bin:/opt/local/bin:/opt/local/sbin:/usr/local/heroku/bin:/Users/tfpractice/sites/drupalSites/civix:/Users/tfpractice/.rbenv/shims:/usr/local/bin/node/bin:/usr/local/mysql/bin:/opt/local/bin:/opt/local/sbin:/usr/local/heroku/bin:/Users/tfpractice/sites/drupalSites/civix:/usr/local/bin:/usr/bin:/bin:/usr/sbin:/sbin:/opt/X11/bin:/usr/local/git/bin:/usr/local/MacGPG2/bin:/usr/local/bin:/Users/tfpractice/.yarn/bin:/usr/local/bin:/usr/local/bin/npm:/usr/local/sbin:/usr/bin:/bin:/usr/sbin:/sbin::/usr/local/bin:/Users/tfpractice/.yarn/bin:/usr/local/bin:/usr/local/bin/npm:/usr/local/sbin:/usr/bin:/bin:/usr/sbin:/sbin:

Yarn version: 
  1.0.1

Node version: 
  7.9.0

Platform: 
  darwin x64

npm manifest: 
  {
    "name": "merlin-quiz",
    "version": "1.0.0",
    "description": "merlin code-challenge ",
    "main": "index.js",
    "scripts": {
      "test": "echo \"Error: no test specified\" && exit 1"
    },
    "author": "theory f practice <jackson.brebnor@gmail.com>",
    "license": "ISC"
  }

yarn manifest: 
  No manifest

Lockfile: 
  No lockfile

Trace: 
  Error: canceled
      at Interface.<anonymous> (/usr/local/Cellar/yarn/1.0.1/libexec/lib/cli.js:115284:13)
      at emitNone (events.js:86:13)
      at Interface.emit (events.js:188:7)
      at Interface._ttyWrite (readline.js:733:16)
      at ReadStream.onkeypress (readline.js:120:10)
      at emitTwo (events.js:106:13)
      at ReadStream.emit (events.js:194:7)
      at emitKeys (internal/readline.js:402:14)
      at emitKeys.next (<anonymous>)
      at ReadStream.onData (readline.js:980:36)
